0 info it worked if it ends with ok
1 verbose cli [ '/usr/local/bin/node', '/usr/local/bin/npm', 'publish' ]
2 info using npm@3.10.8
3 info using node@v7.0.0
4 verbose publish [ '.' ]
5 silly cache add args [ '.', null ]
6 verbose cache add spec .
7 silly cache add parsed spec Result {
7 silly cache add   raw: '.',
7 silly cache add   scope: null,
7 silly cache add   escapedName: null,
7 silly cache add   name: null,
7 silly cache add   rawSpec: '.',
7 silly cache add   spec: '/home/vincent/Workspace/electron-steam-openid',
7 silly cache add   type: 'directory' }
8 verbose addLocalDirectory /home/vincent/.npm/electron-steam-openid/1.0.0/package.tgz not in flight; packing
9 verbose correctMkdir /home/vincent/.npm correctMkdir not in flight; initializing
10 info lifecycle electron-steam-openid@1.0.0~prepublish: electron-steam-openid@1.0.0
11 silly lifecycle electron-steam-openid@1.0.0~prepublish: no script for prepublish, continuing
12 verbose tar pack [ '/home/vincent/.npm/electron-steam-openid/1.0.0/package.tgz',
12 verbose tar pack   '/home/vincent/Workspace/electron-steam-openid' ]
13 verbose tarball /home/vincent/.npm/electron-steam-openid/1.0.0/package.tgz
14 verbose folder /home/vincent/Workspace/electron-steam-openid
15 verbose addLocalTarball adding from inside cache /home/vincent/.npm/electron-steam-openid/1.0.0/package.tgz
16 verbose correctMkdir /home/vincent/.npm correctMkdir not in flight; initializing
17 silly cache afterAdd electron-steam-openid@1.0.0
18 verbose afterAdd /home/vincent/.npm/electron-steam-openid/1.0.0/package/package.json not in flight; writing
19 verbose correctMkdir /home/vincent/.npm correctMkdir not in flight; initializing
20 verbose afterAdd /home/vincent/.npm/electron-steam-openid/1.0.0/package/package.json written
21 silly publish { name: 'electron-steam-openid',
21 silly publish   version: '1.0.0',
21 silly publish   description: 'An OpenID module to authenticate to Steam for your Electron app.',
21 silly publish   license: 'MIT',
21 silly publish   repository:
21 silly publish    { type: 'git',
21 silly publish      url: 'git+https://github.com/vincent/electron-steam-openid.git' },
21 silly publish   author: { name: 'Vincent Lark', email: 'vincent.lark@gmail.com' },
21 silly publish   files: [ 'index.js' ],
21 silly publish   scripts: { test: 'xo' },
21 silly publish   keywords: [ 'electron', 'openid', 'steam', 'authentication', 'access token' ],
21 silly publish   devDependencies:
21 silly publish    { ava: '^0.8.0',
21 silly publish      electron: '^0.4.1',
21 silly publish      mocha: '^2.5.3',
21 silly publish      xo: '^0.12.1' },
21 silly publish   dependencies:
21 silly publish    { openid: '^2.0.6',
21 silly publish      'node-fetch': '^1.3.3',
21 silly publish      'object-assign': '^4.0.1',
21 silly publish      'pinkie-promise': '^2.0.0' },
21 silly publish   engines: { node: '>= 4.0' },
21 silly publish   xo:
21 silly publish    { space: true,
21 silly publish      globals: [ 'describe', 'it' ],
21 silly publish      rules: { 'brace-style': [Object], camelcase: 0 } },
21 silly publish   readme: '# electron-steam-openid [![Build Status](https://travis-ci.org/vincent/electron-steam-openid.svg?branch=master)](https://travis-ci.org/vincent/electron-steam-openid)\n\n> A library to handle Steam authentication with OpenID, for your [Electron](http://electron.atom.io) app.\n\n\n## Install\n\n```\n$ npm install --save electron-steam-openid\n```\n\n\n## Usage\n\n```js\nconst electronSteamAuth = require(\'electron-steam-openid\');\n\nvar config = {\n  redirectUri: \'http://localhost\'\n};\n\napp.on(\'ready\', () => {\n  const windowParams = {\n    alwaysOnTop: true,\n    autoHideMenuBar: true,\n    webPreferences: {\n      nodeIntegration: false\n    }\n  }\n\n  const auth = electronSteamAuth(config, windowParams);\n\n  auth.authenticate(options)\n    .then(token => {\n      // use your token.steam_id\n    });\n});\n```\n\n\n## API\n\n### electronSteamAuth(config, windowParams)\n\n#### config\n\nType: `Object`\nSets custom openid.RelyingParty() params\n\n#### windowParams\n\nType: `Object`\n\nAn object that will be used to create the BrowserWindow. Details: [Electron BrowserWindow documention](https://github.com/atom/electron/blob/master/docs/api/browser-window.md)\n\n### Methods\n\n#### getAuthorizationCode(options)\n\nReturns a ```Promise``` that gets resolved with the authorization details of the OpenID authorization request.\n\n## Adapted from\n\n[electron-oauth2](https://github.com/mawie81/electron-oauth2)\n\n## License\n\nMIT\n',
21 silly publish   readmeFilename: 'readme.md',
21 silly publish   gitHead: '9701c31041ebd0dea6db645b0cd002fd9c866d45',
21 silly publish   bugs: { url: 'https://github.com/vincent/electron-steam-openid/issues' },
21 silly publish   homepage: 'https://github.com/vincent/electron-steam-openid#readme',
21 silly publish   _id: 'electron-steam-openid@1.0.0',
21 silly publish   _shasum: '3582cf99f2266054eab005d15357e27a9729ed55',
21 silly publish   _from: '.' }
22 verbose getPublishConfig undefined
23 silly mapToRegistry name electron-steam-openid
24 silly mapToRegistry using default registry
25 silly mapToRegistry registry https://registry.npmjs.org/
26 silly mapToRegistry data Result {
26 silly mapToRegistry   raw: 'electron-steam-openid',
26 silly mapToRegistry   scope: null,
26 silly mapToRegistry   escapedName: 'electron-steam-openid',
26 silly mapToRegistry   name: 'electron-steam-openid',
26 silly mapToRegistry   rawSpec: '',
26 silly mapToRegistry   spec: 'latest',
26 silly mapToRegistry   type: 'tag' }
27 silly mapToRegistry uri https://registry.npmjs.org/electron-steam-openid
28 verbose publish registryBase https://registry.npmjs.org/
29 silly publish uploading /home/vincent/.npm/electron-steam-openid/1.0.0/package.tgz
30 verbose request uri https://registry.npmjs.org/electron-steam-openid
31 verbose request sending authorization for write operation
32 info attempt registry request try #1 at 00:51:48
33 verbose request id cbe040e6d281d7e0
34 http request PUT https://registry.npmjs.org/electron-steam-openid
35 http 403 https://registry.npmjs.org/electron-steam-openid
36 verbose headers { 'content-type': 'application/json',
36 verbose headers   'cache-control': 'max-age=300',
36 verbose headers   'content-length': '95',
36 verbose headers   'accept-ranges': 'bytes',
36 verbose headers   date: 'Thu, 27 Oct 2016 22:51:50 GMT',
36 verbose headers   via: '1.1 varnish',
36 verbose headers   connection: 'keep-alive',
36 verbose headers   'x-served-by': 'cache-lcy1129-LCY',
36 verbose headers   'x-cache': 'MISS',
36 verbose headers   'x-cache-hits': '0',
36 verbose headers   'x-timer': 'S1477608709.143653,VS0,VE1192',
36 verbose headers   vary: 'Accept-Encoding' }
37 verbose request invalidating /home/vincent/.npm/registry.npmjs.org/electron-steam-openid on PUT
38 error publish Failed PUT 403
39 verbose stack Error: "You cannot publish over the previously published version 1.0.0." : electron-steam-openid
39 verbose stack     at makeError (/usr/local/lib/node_modules/npm/node_modules/npm-registry-client/lib/request.js:302:12)
39 verbose stack     at CachingRegistryClient.<anonymous> (/usr/local/lib/node_modules/npm/node_modules/npm-registry-client/lib/request.js:290:14)
39 verbose stack     at Request._callback (/usr/local/lib/node_modules/npm/node_modules/npm-registry-client/lib/request.js:210:14)
39 verbose stack     at Request.self.callback (/usr/local/lib/node_modules/npm/node_modules/request/request.js:187:22)
39 verbose stack     at emitTwo (events.js:106:13)
39 verbose stack     at Request.emit (events.js:191:7)
39 verbose stack     at Request.<anonymous> (/usr/local/lib/node_modules/npm/node_modules/request/request.js:1044:10)
39 verbose stack     at emitOne (events.js:96:13)
39 verbose stack     at Request.emit (events.js:188:7)
39 verbose stack     at IncomingMessage.<anonymous> (/usr/local/lib/node_modules/npm/node_modules/request/request.js:965:12)
40 verbose statusCode 403
41 verbose pkgid electron-steam-openid
42 verbose cwd /home/vincent/Workspace/electron-steam-openid
43 error Linux 3.2.0-60-generic-pae
44 error argv "/usr/local/bin/node" "/usr/local/bin/npm" "publish"
45 error node v7.0.0
46 error npm  v3.10.8
47 error code E403
48 error "You cannot publish over the previously published version 1.0.0." : electron-steam-openid
49 error If you need help, you may report this error at:
49 error     <https://github.com/npm/npm/issues>
50 verbose exit [ 1, true ]
